[debug] [2018-06-01T17:14:41.800Z] ----------------------------------------------------------------------
[debug] [2018-06-01T17:14:41.803Z] Command:       D:\Program Files\nodejs\node.exe D:\Users\Ankit Gaurav\AppData\Roaming\npm\node_modules\firebase-tools\bin\firebase deploy
[debug] [2018-06-01T17:14:41.804Z] CLI Version:   3.18.5
[debug] [2018-06-01T17:14:41.804Z] Platform:      win32
[debug] [2018-06-01T17:14:41.804Z] Node Version:  v8.11.1
[debug] [2018-06-01T17:14:41.805Z] Time:          Fri Jun 01 2018 22:44:41 GMT+0530 (India Standard Time)
[debug] [2018-06-01T17:14:41.805Z] ----------------------------------------------------------------------
[debug] 
[debug] [2018-06-01T17:14:41.866Z] > command requires scopes: ["email","openid","https://www.googleapis.com/auth/cloudplatformprojects.readonly","https://www.googleapis.com/auth/firebase","https://www.googleapis.com/auth/cloud-platform"]
[debug] [2018-06-01T17:14:41.866Z] > authorizing via signed-in user
[debug] [2018-06-01T17:14:41.866Z] > refreshing access token with scopes: ["email","https://www.googleapis.com/auth/cloud-platform","https://www.googleapis.com/auth/cloudplatformprojects.readonly","https://www.googleapis.com/auth/firebase","openid"]
[debug] [2018-06-01T17:14:41.866Z] >>> HTTP REQUEST POST https://www.googleapis.com/oauth2/v3/token  
 { refresh_token: '1/HnC5iJWFlzJhgqTPD2pWm1GWGHY_5SHgYpp2I63FYvQ',
  client_id: '563584335869-fgrhgmd47bqnekij5i8b5pr03ho849e6.apps.googleusercontent.com',
  client_secret: 'j9iVZfS8kkCEFUPaAeJV0sAi',
  grant_type: 'refresh_token',
  scope: 'email https://www.googleapis.com/auth/cloud-platform https://www.googleapis.com/auth/cloudplatformprojects.readonly https://www.googleapis.com/auth/firebase openid' } 
 Fri Jun 01 2018 22:44:41 GMT+0530 (India Standard Time)
[debug] [2018-06-01T17:14:42.599Z] <<< HTTP RESPONSE 200
[debug] [2018-06-01T17:14:42.818Z] >>> HTTP REQUEST GET https://admin.firebase.com/v1/projects/group-expenses-pwa  
  
 Fri Jun 01 2018 22:44:42 GMT+0530 (India Standard Time)
[debug] [2018-06-01T17:14:51.869Z] <<< HTTP RESPONSE 200
[debug] [2018-06-01T17:14:51.870Z] >>> HTTP REQUEST GET https://admin.firebase.com/v1/database/group-expenses-pwa/tokens  
  
 Fri Jun 01 2018 22:44:51 GMT+0530 (India Standard Time)
[debug] [2018-06-01T17:14:53.192Z] <<< HTTP RESPONSE 200
[info] 
[info] === Deploying to 'group-expenses-pwa'...
[info] 
[info] i  deploying hosting
[info] i  hosting: preparing ./dist directory for upload...
[debug] [2018-06-01T17:14:55.388Z] >>> HTTP REQUEST PUT https://deploy.firebase.com/v1/hosting/group-expenses-pwa/uploads/-LDwL-E4ZZt8jBu4aXNY?fileCount=42&message=  
  
 Fri Jun 01 2018 22:44:55 GMT+0530 (India Standard Time)
[debug] [2018-06-01T17:14:59.638Z] <<< HTTP RESPONSE 200
[debug] [2018-06-01T17:14:59.638Z] [hosting] .tgz uploaded successfully, waiting for extraction
[info] +  hosting: 42 files uploaded successfully
[debug] [2018-06-01T17:15:00.638Z] [hosting] deploy completed after 5571ms
[debug] [2018-06-01T17:15:00.638Z] >>> HTTP REQUEST POST https://deploy.firebase.com/v1/projects/group-expenses-pwa/releases  
 { hosting: 
   { public: './dist',
     ignore: [ 'firebase.json', '**/.*', '**/node_modules/**' ],
     version: '-LDwL-E4ZZt8jBu4aXNY',
     prefix: '-LDwL-E4ZZt8jBu4aXNY/',
     manifest: [] } } 
 Fri Jun 01 2018 22:45:00 GMT+0530 (India Standard Time)
